[+] Containers:
 |- [+] Container: /Game/Time_is_out/FirstPersonMap
 |   |- [+] ActorDescs:
 |   |   |- Guid:00F20FFB41ECCB3DDE8EE69C7E270918 BaseClass: NativeClass:/Script/Engine.StaticMeshActor Name:SM_Plains_Floors_Block02_UAID_2CF05DB68E1685D401_1497511441 Label:SM_Plains_Floors_Block02 SpatiallyLoaded:1 Bounds:IsValid=true, Min=(X=-0.000 Y=-350.000 Z=20.000), Max=(X=771.859 Y=26.042 Z=146.009) RuntimeGrid:None EditorOnly:0 RuntimeOnly:0 HLODRelevant:1 ListedInSceneOutliner:1 IsMainWorldOnly:0 FolderPath:platforms FolderGuid:4D43CB30423895AD653354BC47AD2DFA
 |   |   |- Guid:29FAAF844413EC107382B68B6100635E BaseClass: NativeClass:/Script/Engine.VolumetricCloud Name:VolumetricCloud_0 Label:VolumetricCloud SpatiallyLoaded:0 Bounds:IsValid=true, Min=(X=0.000 Y=0.000 Z=820.000), Max=(X=0.000 Y=0.000 Z=820.000) RuntimeGrid:None EditorOnly:0 RuntimeOnly:0 HLODRelevant:0 ListedInSceneOutliner:1 IsMainWorldOnly:0 FolderPath:Lighting FolderGuid:0BA5F0A04EADB18E70D5B180D08FA34B
 |   |   |- Guid:35943ABF47EB425B7CA1899623021CBE BaseClass: NativeClass:/Script/Engine.StaticMeshActor Name:SM_Plains_Floors_Flat02_UAID_2CF05DB68E1685D401_1766380444 Label:SM_Plains_Floors_Flat02 SpatiallyLoaded:1 Bounds:IsValid=true, Min=(X=-1096.002 Y=-386.002 Z=300.000), Max=(X=-323.998 Y=386.002 Z=300.000) RuntimeGrid:None EditorOnly:0 RuntimeOnly:0 HLODRelevant:1 ListedInSceneOutliner:1 IsMainWorldOnly:0 FolderPath:platforms FolderGuid:4D43CB30423895AD653354BC47AD2DFA
 |   |   |- Guid:43B2FD444721384E77CF0985F7358AB4 BaseClass: NativeClass:/Script/Engine.StaticMeshActor Name:SM_Plains_Floors_Block01_UAID_2CF05DB68E1685D401_1497508440 Label:SM_Plains_Floors_Block01 SpatiallyLoaded:1 Bounds:IsValid=true, Min=(X=0.000 Y=-1120.000 Z=20.000), Max=(X=772.005 Y=-347.995 Z=146.008) RuntimeGrid:None EditorOnly:0 RuntimeOnly:0 HLODRelevant:1 ListedInSceneOutliner:1 IsMainWorldOnly:0 FolderPath:platforms FolderGuid:4D43CB30423895AD653354BC47AD2DFA
 |   |   |- Guid:4CBB6DA941516CDA8B030FB3686DE915 BaseClass: NativeClass:/Script/Engine.WorldDataLayers Name:WorldDataLayers Label:WorldDataLayers SpatiallyLoaded:0 Bounds:Invalid RuntimeGrid:None EditorOnly:0 RuntimeOnly:0 HLODRelevant:0 ListedInSceneOutliner:1 IsMainWorldOnly:1
 |   |   |- Guid:5553187C416B28158CAC2897FA0CEE70 BaseClass: NativeClass:/Script/Engine.StaticMeshActor Name:SM_Plains_Castle_Stairs_01_UAID_2CF05DB68E1685D401_1766382445 Label:SM_Plains_Castle_Stairs_01 SpatiallyLoaded:1 Bounds:IsValid=true, Min=(X=626.000 Y=-162.493 Z=268.000), Max=(X=1458.000 Y=162.493 Z=684.000) RuntimeGrid:None EditorOnly:0 RuntimeOnly:0 HLODRelevant:1 ListedInSceneOutliner:1 IsMainWorldOnly:0 FolderPath:platforms FolderGuid:4D43CB30423895AD653354BC47AD2DFA
 |   |   |- Guid:58F0245141D0647483C4E7B31903E777 BaseClass: NativeClass:/Script/Engine.ExponentialHeightFog Name:ExponentialHeightFog_0 Label:ExponentialHeightFog SpatiallyLoaded:0 Bounds:IsValid=true, Min=(X=-5600.000 Y=-50.000 Z=-6850.000), Max=(X=-5600.000 Y=-50.000 Z=-6850.000) RuntimeGrid:None EditorOnly:0 RuntimeOnly:0 HLODRelevant:0 ListedInSceneOutliner:1 IsMainWorldOnly:0 FolderPath:Lighting FolderGuid:0BA5F0A04EADB18E70D5B180D08FA34B
 |   |   |- Guid:6F6DBBC84025F3AFFE663D96F5C75FEB BaseClass: NativeClass:/Script/Engine.StaticMeshActor Name:StaticMeshActor_UAID_A4AE111137DC5EFB00_2001720423 Label:SM_SkySphere SpatiallyLoaded:0 Bounds:IsValid=true, Min=(X=-1638400.000 Y=-1638400.000 Z=-1638400.000), Max=(X=1638400.000 Y=1638400.000 Z=1638400.000) RuntimeGrid:None EditorOnly:0 RuntimeOnly:0 HLODRelevant:1 ListedInSceneOutliner:1 IsMainWorldOnly:0 FolderPath:Lighting FolderGuid:0BA5F0A04EADB18E70D5B180D08FA34B
 |   |   |- Guid:7009B72B4FD1D8ACACA31FB5E35B0D66 BaseClass: NativeClass:/Script/Engine.StaticMeshActor Name:SM_WaterPlain_UAID_2CF05DB68E1685D401_1301076439 Label:SM_WaterPlain SpatiallyLoaded:1 Bounds:IsValid=true, Min=(X=-59254.959 Y=-59254.930 Z=-0.000), Max=(X=59254.930 Y=59254.959 Z=0.000) RuntimeGrid:None EditorOnly:0 RuntimeOnly:0 HLODRelevant:1 ListedInSceneOutliner:1 IsMainWorldOnly:0 FolderPath:playground FolderGuid:2F9DB6084B7EF48FABE667AF138916CE
 |   |   |- Guid:8090DF904D1972BC1A17599E2922DDDD BaseClass: NativeClass:/Script/Engine.PostProcessVolume Name:PostProcessVolume_0 Label:PostProcessVolume SpatiallyLoaded:0 Bounds:IsValid=true, Min=(X=0.000 Y=0.000 Z=400.000), Max=(X=200.000 Y=200.000 Z=600.000) RuntimeGrid:None EditorOnly:0 RuntimeOnly:0 HLODRelevant:0 ListedInSceneOutliner:1 IsMainWorldOnly:0 FolderPath:Lighting FolderGuid:0BA5F0A04EADB18E70D5B180D08FA34B
 |   |   |- Guid:BFBF07DA47DE9B9BDDD59684B14A0C0D BaseClass: NativeClass:/Script/Engine.DirectionalLight Name:DirectionalLight_1 Label:DirectionalLight SpatiallyLoaded:0 Bounds:IsValid=true, Min=(X=-4398046511104.000 Y=-4398046511104.000 Z=-4398046511104.000), Max=(X=4398046511104.000 Y=4398046511104.000 Z=4398046511104.000) RuntimeGrid:None EditorOnly:0 RuntimeOnly:0 HLODRelevant:0 ListedInSceneOutliner:1 IsMainWorldOnly:0 FolderPath:Lighting FolderGuid:0BA5F0A04EADB18E70D5B180D08FA34B
 |   |   |- Guid:DE862B8F4A2F05DE11DB0C86D410D6E7 BaseClass: NativeClass:/Script/Engine.SkyAtmosphere Name:SkyAtmosphere_0 Label:SkyAtmosphere SpatiallyLoaded:0 Bounds:IsValid=true, Min=(X=0.000 Y=0.000 Z=1020.000), Max=(X=0.000 Y=0.000 Z=1020.000) RuntimeGrid:None EditorOnly:0 RuntimeOnly:0 HLODRelevant:0 ListedInSceneOutliner:1 IsMainWorldOnly:0 FolderPath:Lighting FolderGuid:0BA5F0A04EADB18E70D5B180D08FA34B
 |   |   |- Guid:E629D2084C8BD8BA4505608486963DE9 BaseClass: NativeClass:/Script/Engine.SkyLight Name:SkyLight_0 Label:SkyLight SpatiallyLoaded:0 Bounds:IsValid=true, Min=(X=0.000 Y=0.000 Z=690.000), Max=(X=0.000 Y=0.000 Z=690.000) RuntimeGrid:None EditorOnly:0 RuntimeOnly:0 HLODRelevant:0 ListedInSceneOutliner:1 IsMainWorldOnly:0 FolderPath:Lighting FolderGuid:0BA5F0A04EADB18E70D5B180D08FA34B
 |   |- [+] Clusters:
 |   |   |- [+] [  0]
 |   |   |   |- Guid:00F20FFB41ECCB3DDE8EE69C7E270918 BaseClass: NativeClass:/Script/Engine.StaticMeshActor Name:SM_Plains_Floors_Block02_UAID_2CF05DB68E1685D401_1497511441 Label:SM_Plains_Floors_Block02 SpatiallyLoaded:1 Bounds:IsValid=true, Min=(X=-0.000 Y=-350.000 Z=20.000), Max=(X=771.859 Y=26.042 Z=146.009) RuntimeGrid:None EditorOnly:0 RuntimeOnly:0 HLODRelevant:1 ListedInSceneOutliner:1 IsMainWorldOnly:0 FolderPath:platforms FolderGuid:4D43CB30423895AD653354BC47AD2DFA
 |   |   |- [+] [  1]
 |   |   |   |- Guid:29FAAF844413EC107382B68B6100635E BaseClass: NativeClass:/Script/Engine.VolumetricCloud Name:VolumetricCloud_0 Label:VolumetricCloud SpatiallyLoaded:0 Bounds:IsValid=true, Min=(X=0.000 Y=0.000 Z=820.000), Max=(X=0.000 Y=0.000 Z=820.000) RuntimeGrid:None EditorOnly:0 RuntimeOnly:0 HLODRelevant:0 ListedInSceneOutliner:1 IsMainWorldOnly:0 FolderPath:Lighting FolderGuid:0BA5F0A04EADB18E70D5B180D08FA34B
 |   |   |- [+] [  2]
 |   |   |   |- Guid:35943ABF47EB425B7CA1899623021CBE BaseClass: NativeClass:/Script/Engine.StaticMeshActor Name:SM_Plains_Floors_Flat02_UAID_2CF05DB68E1685D401_1766380444 Label:SM_Plains_Floors_Flat02 SpatiallyLoaded:1 Bounds:IsValid=true, Min=(X=-1096.002 Y=-386.002 Z=300.000), Max=(X=-323.998 Y=386.002 Z=300.000) RuntimeGrid:None EditorOnly:0 RuntimeOnly:0 HLODRelevant:1 ListedInSceneOutliner:1 IsMainWorldOnly:0 FolderPath:platforms FolderGuid:4D43CB30423895AD653354BC47AD2DFA
 |   |   |- [+] [  3]
 |   |   |   |- Guid:43B2FD444721384E77CF0985F7358AB4 BaseClass: NativeClass:/Script/Engine.StaticMeshActor Name:SM_Plains_Floors_Block01_UAID_2CF05DB68E1685D401_1497508440 Label:SM_Plains_Floors_Block01 SpatiallyLoaded:1 Bounds:IsValid=true, Min=(X=0.000 Y=-1120.000 Z=20.000), Max=(X=772.005 Y=-347.995 Z=146.008) RuntimeGrid:None EditorOnly:0 RuntimeOnly:0 HLODRelevant:1 ListedInSceneOutliner:1 IsMainWorldOnly:0 FolderPath:platforms FolderGuid:4D43CB30423895AD653354BC47AD2DFA
 |   |   |- [+] [  4]
 |   |   |   |- Guid:4CBB6DA941516CDA8B030FB3686DE915 BaseClass: NativeClass:/Script/Engine.WorldDataLayers Name:WorldDataLayers Label:WorldDataLayers SpatiallyLoaded:0 Bounds:Invalid RuntimeGrid:None EditorOnly:0 RuntimeOnly:0 HLODRelevant:0 ListedInSceneOutliner:1 IsMainWorldOnly:1
 |   |   |- [+] [  5]
 |   |   |   |- Guid:5553187C416B28158CAC2897FA0CEE70 BaseClass: NativeClass:/Script/Engine.StaticMeshActor Name:SM_Plains_Castle_Stairs_01_UAID_2CF05DB68E1685D401_1766382445 Label:SM_Plains_Castle_Stairs_01 SpatiallyLoaded:1 Bounds:IsValid=true, Min=(X=626.000 Y=-162.493 Z=268.000), Max=(X=1458.000 Y=162.493 Z=684.000) RuntimeGrid:None EditorOnly:0 RuntimeOnly:0 HLODRelevant:1 ListedInSceneOutliner:1 IsMainWorldOnly:0 FolderPath:platforms FolderGuid:4D43CB30423895AD653354BC47AD2DFA
 |   |   |- [+] [  6]
 |   |   |   |- Guid:58F0245141D0647483C4E7B31903E777 BaseClass: NativeClass:/Script/Engine.ExponentialHeightFog Name:ExponentialHeightFog_0 Label:ExponentialHeightFog SpatiallyLoaded:0 Bounds:IsValid=true, Min=(X=-5600.000 Y=-50.000 Z=-6850.000), Max=(X=-5600.000 Y=-50.000 Z=-6850.000) RuntimeGrid:None EditorOnly:0 RuntimeOnly:0 HLODRelevant:0 ListedInSceneOutliner:1 IsMainWorldOnly:0 FolderPath:Lighting FolderGuid:0BA5F0A04EADB18E70D5B180D08FA34B
 |   |   |- [+] [  7]
 |   |   |   |- Guid:6F6DBBC84025F3AFFE663D96F5C75FEB BaseClass: NativeClass:/Script/Engine.StaticMeshActor Name:StaticMeshActor_UAID_A4AE111137DC5EFB00_2001720423 Label:SM_SkySphere SpatiallyLoaded:0 Bounds:IsValid=true, Min=(X=-1638400.000 Y=-1638400.000 Z=-1638400.000), Max=(X=1638400.000 Y=1638400.000 Z=1638400.000) RuntimeGrid:None EditorOnly:0 RuntimeOnly:0 HLODRelevant:1 ListedInSceneOutliner:1 IsMainWorldOnly:0 FolderPath:Lighting FolderGuid:0BA5F0A04EADB18E70D5B180D08FA34B
 |   |   |- [+] [  8]
 |   |   |   |- Guid:7009B72B4FD1D8ACACA31FB5E35B0D66 BaseClass: NativeClass:/Script/Engine.StaticMeshActor Name:SM_WaterPlain_UAID_2CF05DB68E1685D401_1301076439 Label:SM_WaterPlain SpatiallyLoaded:1 Bounds:IsValid=true, Min=(X=-59254.959 Y=-59254.930 Z=-0.000), Max=(X=59254.930 Y=59254.959 Z=0.000) RuntimeGrid:None EditorOnly:0 RuntimeOnly:0 HLODRelevant:1 ListedInSceneOutliner:1 IsMainWorldOnly:0 FolderPath:playground FolderGuid:2F9DB6084B7EF48FABE667AF138916CE
 |   |   |- [+] [  9]
 |   |   |   |- Guid:8090DF904D1972BC1A17599E2922DDDD BaseClass: NativeClass:/Script/Engine.PostProcessVolume Name:PostProcessVolume_0 Label:PostProcessVolume SpatiallyLoaded:0 Bounds:IsValid=true, Min=(X=0.000 Y=0.000 Z=400.000), Max=(X=200.000 Y=200.000 Z=600.000) RuntimeGrid:None EditorOnly:0 RuntimeOnly:0 HLODRelevant:0 ListedInSceneOutliner:1 IsMainWorldOnly:0 FolderPath:Lighting FolderGuid:0BA5F0A04EADB18E70D5B180D08FA34B
 |   |   |- [+] [ 10]
 |   |   |   |- Guid:BFBF07DA47DE9B9BDDD59684B14A0C0D BaseClass: NativeClass:/Script/Engine.DirectionalLight Name:DirectionalLight_1 Label:DirectionalLight SpatiallyLoaded:0 Bounds:IsValid=true, Min=(X=-4398046511104.000 Y=-4398046511104.000 Z=-4398046511104.000), Max=(X=4398046511104.000 Y=4398046511104.000 Z=4398046511104.000) RuntimeGrid:None EditorOnly:0 RuntimeOnly:0 HLODRelevant:0 ListedInSceneOutliner:1 IsMainWorldOnly:0 FolderPath:Lighting FolderGuid:0BA5F0A04EADB18E70D5B180D08FA34B
 |   |   |- [+] [ 11]
 |   |   |   |- Guid:DE862B8F4A2F05DE11DB0C86D410D6E7 BaseClass: NativeClass:/Script/Engine.SkyAtmosphere Name:SkyAtmosphere_0 Label:SkyAtmosphere SpatiallyLoaded:0 Bounds:IsValid=true, Min=(X=0.000 Y=0.000 Z=1020.000), Max=(X=0.000 Y=0.000 Z=1020.000) RuntimeGrid:None EditorOnly:0 RuntimeOnly:0 HLODRelevant:0 ListedInSceneOutliner:1 IsMainWorldOnly:0 FolderPath:Lighting FolderGuid:0BA5F0A04EADB18E70D5B180D08FA34B
 |   |   |- [+] [ 12]
 |   |   |   |- Guid:E629D2084C8BD8BA4505608486963DE9 BaseClass: NativeClass:/Script/Engine.SkyLight Name:SkyLight_0 Label:SkyLight SpatiallyLoaded:0 Bounds:IsValid=true, Min=(X=0.000 Y=0.000 Z=690.000), Max=(X=0.000 Y=0.000 Z=690.000) RuntimeGrid:None EditorOnly:0 RuntimeOnly:0 HLODRelevant:0 ListedInSceneOutliner:1 IsMainWorldOnly:0 FolderPath:Lighting FolderGuid:0BA5F0A04EADB18E70D5B180D08FA34B
 |- ContainerInstances:
 |- [+] MainContainer:
 |   |-        ID: 00000000000000000000000000000000
 |   |-  ParentID: 00000000000000000000000000000000
 |   |-    Bounds: IsValid=false, Min=(X=0.000 Y=0.000 Z=0.000), Max=(X=0.000 Y=0.000 Z=0.000)
 |   |- Transform: 0.000000,0.000000,0.000000|0.000000,0.000000,-0.000000|1.000000,1.000000,1.000000
 |   |- Container: /Game/Time_is_out/FirstPersonMap
----------------------------------------------------------------------------------------------------------------
FirstPersonMap - Persistent Level
----------------------------------------------------------------------------------------------------------------
[+] Content of FirstPersonMap Persistent Level
 |- Always loaded Actor Count: 20 
 |- Actor Path: /Game/Time_is_out/FirstPersonMap.FirstPersonMap:PersistentLevel.AbstractNavData-Default
 |- Actor Package: /Game/Time_is_out/FirstPersonMap
 |- Actor Path: /Game/Time_is_out/FirstPersonMap.FirstPersonMap:PersistentLevel.Brush_0
 |- Actor Package: /Game/Time_is_out/FirstPersonMap
 |- Actor Path: /Game/Time_is_out/FirstPersonMap.FirstPersonMap:PersistentLevel.DefaultPhysicsVolume_0
 |- Actor Package: /Game/Time_is_out/FirstPersonMap
 |- Actor Path: /Game/Time_is_out/FirstPersonMap.FirstPersonMap:PersistentLevel.DirectionalLight_1
 |- Actor Package: /Game/__ExternalActors__/Time_is_out/FirstPersonMap/0/WB/V4ALNTJYOVWM8BU452CKV5
 |- Actor Path: /Game/Time_is_out/FirstPersonMap.FirstPersonMap:PersistentLevel.ExponentialHeightFog_0
 |- Actor Package: /Game/__ExternalActors__/Time_is_out/FirstPersonMap/0/CL/381LM03PFI8AF9NED1SEV2
 |- Actor Path: /Game/Time_is_out/FirstPersonMap.FirstPersonMap:PersistentLevel.FirstPersonMap_C_1
 |- Actor Package: /Game/Time_is_out/FirstPersonMap
 |- Actor Path: /Game/Time_is_out/FirstPersonMap.FirstPersonMap:PersistentLevel.GameplayDebuggerPlayerManager_0
 |- Actor Package: /Game/Time_is_out/FirstPersonMap
 |- Actor Path: /Game/Time_is_out/FirstPersonMap.FirstPersonMap:PersistentLevel.PostProcessVolume_0
 |- Actor Package: /Game/__ExternalActors__/Time_is_out/FirstPersonMap/E/MX/R1GV431P5FDO08OFULRA01
 |- Actor Path: /Game/Time_is_out/FirstPersonMap.FirstPersonMap:PersistentLevel.SkyAtmosphere_0
 |- Actor Package: /Game/__ExternalActors__/Time_is_out/FirstPersonMap/C/VO/VMN4G7K3NKKV6F8HTPHHDB
 |- Actor Path: /Game/Time_is_out/FirstPersonMap.FirstPersonMap:PersistentLevel.SkyLight_0
 |- Actor Package: /Game/__ExternalActors__/Time_is_out/FirstPersonMap/6/0Z/5RQIHCZ9W3UXRGL4LTLQAK
 |- Actor Path: /Game/Time_is_out/FirstPersonMap.FirstPersonMap:PersistentLevel.SM_Plains_Castle_Stairs_01_UAID_2CF05DB68E1685D401_1766382445
 |- Actor Package: /Game/__ExternalActors__/Time_is_out/FirstPersonMap/B/GA/HO03UZHVVL2WEP5Q95SWKV
 |- Actor Path: /Game/Time_is_out/FirstPersonMap.FirstPersonMap:PersistentLevel.SM_Plains_Floors_Block01_UAID_2CF05DB68E1685D401_1497508440
 |- Actor Package: /Game/__ExternalActors__/Time_is_out/FirstPersonMap/B/DB/VAEFOKYKFYLF7KUXSYNJEK
 |- Actor Path: /Game/Time_is_out/FirstPersonMap.FirstPersonMap:PersistentLevel.SM_Plains_Floors_Block02_UAID_2CF05DB68E1685D401_1497511441
 |- Actor Package: /Game/__ExternalActors__/Time_is_out/FirstPersonMap/2/6F/1Q863MNZD3LJWU8L6HSUKJ
 |- Actor Path: /Game/Time_is_out/FirstPersonMap.FirstPersonMap:PersistentLevel.SM_Plains_Floors_Flat02_UAID_2CF05DB68E1685D401_1766380444
 |- Actor Package: /Game/__ExternalActors__/Time_is_out/FirstPersonMap/9/3E/C1FUTPQGDAPRAHJ72O111U
 |- Actor Path: /Game/Time_is_out/FirstPersonMap.FirstPersonMap:PersistentLevel.SM_WaterPlain_UAID_2CF05DB68E1685D401_1301076439
 |- Actor Package: /Game/__ExternalActors__/Time_is_out/FirstPersonMap/2/CT/DX387ME1AB0BXVQ1RXZGEW
 |- Actor Path: /Game/Time_is_out/FirstPersonMap.FirstPersonMap:PersistentLevel.StaticMeshActor_UAID_A4AE111137DC5EFB00_2001720423
 |- Actor Package: /Game/__ExternalActors__/Time_is_out/FirstPersonMap/C/ZU/PDQ0AB8RLNMVID876FD49G
 |- Actor Path: /Game/Time_is_out/FirstPersonMap.FirstPersonMap:PersistentLevel.VolumetricCloud_0
 |- Actor Package: /Game/__ExternalActors__/Time_is_out/FirstPersonMap/0/GO/I8WEFD3RY9V3NVQLSU6QM4
 |- Actor Path: /Game/Time_is_out/FirstPersonMap.FirstPersonMap:PersistentLevel.WorldDataLayers
 |- Actor Package: /Game/__ExternalActors__/Time_is_out/FirstPersonMap/D/0W/E1FKEGVKGOLM7HGLQPCIPO
 |- Actor Path: /Game/Time_is_out/FirstPersonMap.FirstPersonMap:PersistentLevel.WorldInfo_0
 |- Actor Package: /Game/Time_is_out/FirstPersonMap
 |- Actor Path: /Game/Time_is_out/FirstPersonMap.FirstPersonMap:PersistentLevel.WorldPartitionMiniMap_0
 |- Actor Package: /Game/__ExternalActors__/Time_is_out/FirstPersonMap/4/CR/SRVPLA8UNZ8XIIP0E036DI

----------------------------------------------------------------------------------------------------------------
FirstPersonMap - Runtime Spatial Hash - Streaming Grid - MainGrid
----------------------------------------------------------------------------------------------------------------
            Origin: X=0.000 Y=0.000 Z=0.000
         Cell Size: 12800
      World Bounds: IsValid=false, Min=(X=0.000 Y=0.000 Z=0.000), Max=(X=0.000 Y=0.000 Z=0.000)
     Loading Range: 25600.00
Block Slow Loading: No
 ClientOnlyVisible: No
            Origin: X=0.000 Y=0.000 Z=0.000

[+] Grid Levels: 1
 |- Level  0: Cell Count    0 | Cell Size   12800 | Actor Count    0 (0.0%)

[+] Content of Grid Level 0

