[+] Containers:
 |- [+] Container: /Game/Time_is_out/FirstPersonMap
 |   |- [+] ActorDescs:
 |   |   |- Guid:00F20FFB41ECCB3DDE8EE69C7E270918 BaseClass: NativeClass:/Script/Engine.StaticMeshActor Name:SM_Plains_Floors_Block02_UAID_2CF05DB68E1685D401_1497511441 Label:SM_Plains_Floors_Block02 SpatiallyLoaded:1 Bounds:IsValid=true, Min=(X=3047.958 Y=-1086.000 Z=559.000), Max=(X=3424.000 Y=-314.141 Z=685.009) RuntimeGrid:None EditorOnly:0 RuntimeOnly:0 HLODRelevant:1 ListedInSceneOutliner:1 IsMainWorldOnly:0 FolderPath:platforms FolderGuid:4D43CB30423895AD653354BC47AD2DFA
 |   |   |- Guid:0F3852F047D6B1A400D47B8F48DC9AD4 BaseClass: NativeClass:/Script/Engine.StaticMeshActor Name:SM_Plains_Floors_Block02_UAID_2CF05DB68E1686D401_1278291633 Label:SM_Plains_Floors_Block11 SpatiallyLoaded:1 Bounds:IsValid=true, Min=(X=3933.958 Y=-1084.000 Z=757.000), Max=(X=4310.000 Y=-312.141 Z=883.009) RuntimeGrid:None EditorOnly:0 RuntimeOnly:0 HLODRelevant:1 ListedInSceneOutliner:1 IsMainWorldOnly:0 FolderPath:platforms FolderGuid:4D43CB30423895AD653354BC47AD2DFA
 |   |   |- Guid:14AE26904F5F136402D1E889FB4A5C06 BaseClass: NativeClass:/Script/Engine.StaticMeshActor Name:SM_Plains_Floors_Block01_UAID_2CF05DB68E1685D401_1928365448 Label:SM_Plains_Floors_Block4 SpatiallyLoaded:1 Bounds:IsValid=true, Min=(X=1320.000 Y=-1850.000 Z=450.000), Max=(X=1899.003 Y=-1077.995 Z=576.008) RuntimeGrid:None EditorOnly:0 RuntimeOnly:0 HLODRelevant:1 ListedInSceneOutliner:1 IsMainWorldOnly:0 FolderPath:platforms FolderGuid:4D43CB30423895AD653354BC47AD2DFA
 |   |   |- Guid:1B1062BB4F0F3837FA1E559841E73202 BaseClass: NativeClass:/Script/Engine.StaticMeshActor Name:SM_Plains_Floors_Block02_UAID_2CF05DB68E1686D401_1354703635 Label:SM_Plains_Floors_Block13 SpatiallyLoaded:1 Bounds:IsValid=true, Min=(X=4257.958 Y=-1083.000 Z=862.000), Max=(X=4634.000 Y=-311.141 Z=988.009) RuntimeGrid:None EditorOnly:0 RuntimeOnly:0 HLODRelevant:1 ListedInSceneOutliner:1 IsMainWorldOnly:0 FolderPath:platforms FolderGuid:4D43CB30423895AD653354BC47AD2DFA
 |   |   |- Guid:20106D8A47497C08175E04906C7282FB BaseClass: NativeClass:/Script/Engine.StaticMeshActor Name:SM_Plains_Floors_Block01_UAID_2CF05DB68E1686D401_1439782636 Label:SM_Plains_Floors_Block14 SpatiallyLoaded:1 Bounds:IsValid=true, Min=(X=4620.000 Y=-1078.000 Z=880.000), Max=(X=5392.005 Y=-305.995 Z=1006.008) RuntimeGrid:None EditorOnly:0 RuntimeOnly:0 HLODRelevant:1 ListedInSceneOutliner:1 IsMainWorldOnly:0 FolderPath:platforms FolderGuid:4D43CB30423895AD653354BC47AD2DFA
 |   |   |- Guid:29FAAF844413EC107382B68B6100635E BaseClass: NativeClass:/Script/Engine.VolumetricCloud Name:VolumetricCloud_0 Label:VolumetricCloud SpatiallyLoaded:0 Bounds:IsValid=true, Min=(X=0.000 Y=0.000 Z=820.000), Max=(X=0.000 Y=0.000 Z=820.000) RuntimeGrid:None EditorOnly:0 RuntimeOnly:0 HLODRelevant:0 ListedInSceneOutliner:1 IsMainWorldOnly:0 FolderPath:Lighting FolderGuid:0BA5F0A04EADB18E70D5B180D08FA34B
 |   |   |- Guid:30E2B57A43B1EEF82DD78FABD3E83B0D BaseClass: NativeClass:/Script/Engine.StaticMeshActor Name:SM_Plains_Floors_Block02_UAID_2CF05DB68E1686D401_1610630641 Label:SM_Plains_Floors_Block15 SpatiallyLoaded:1 Bounds:IsValid=true, Min=(X=4619.141 Y=-308.042 Z=989.000), Max=(X=5391.000 Y=68.000 Z=1115.009) RuntimeGrid:None EditorOnly:0 RuntimeOnly:0 HLODRelevant:1 ListedInSceneOutliner:1 IsMainWorldOnly:0 FolderPath:platforms FolderGuid:4D43CB30423895AD653354BC47AD2DFA
 |   |   |- Guid:373EBD78449432AA095EF88C3E0CB328 BaseClass: NativeClass:/Script/Engine.StaticMeshActor Name:SM_Plains_Floors_Block01_UAID_2CF05DB68E1686D401_1815849650 Label:SM_Plains_Floors_Block21 SpatiallyLoaded:1 Bounds:IsValid=true, Min=(X=3848.000 Y=680.000 Z=1206.000), Max=(X=4620.005 Y=1452.005 Z=1332.008) RuntimeGrid:None EditorOnly:0 RuntimeOnly:0 HLODRelevant:1 ListedInSceneOutliner:1 IsMainWorldOnly:0 FolderPath:platforms FolderGuid:4D43CB30423895AD653354BC47AD2DFA
 |   |   |- Guid:3E59BBB7428B2853657CCEA11B9CC10F BaseClass: NativeClass:/Script/Engine.StaticMeshActor Name:SM_Plains_Floors_Block01_UAID_2CF05DB68E1685D401_1936740449 Label:SM_Plains_Floors_Block5 SpatiallyLoaded:1 Bounds:IsValid=true, Min=(X=1900.000 Y=-1850.000 Z=450.000), Max=(X=2479.003 Y=-1077.995 Z=576.008) RuntimeGrid:None EditorOnly:0 RuntimeOnly:0 HLODRelevant:1 ListedInSceneOutliner:1 IsMainWorldOnly:0 FolderPath:platforms FolderGuid:4D43CB30423895AD653354BC47AD2DFA
 |   |   |- Guid:3E63396448D111E6B6E9EA8C016B42C6 BaseClass: NativeClass:/Script/Engine.StaticMeshActor Name:SM_Plains_Floors_Block02_UAID_2CF05DB68E1686D401_1238207632 Label:SM_Plains_Floors_Block10 SpatiallyLoaded:1 Bounds:IsValid=true, Min=(X=3619.958 Y=-1085.000 Z=653.000), Max=(X=3996.000 Y=-313.141 Z=779.009) RuntimeGrid:None EditorOnly:0 RuntimeOnly:0 HLODRelevant:1 ListedInSceneOutliner:1 IsMainWorldOnly:0 FolderPath:platforms FolderGuid:4D43CB30423895AD653354BC47AD2DFA
 |   |   |- Guid:43B2FD444721384E77CF0985F7358AB4 BaseClass: NativeClass:/Script/Engine.StaticMeshActor Name:SM_Plains_Floors_Block01_UAID_2CF05DB68E1685D401_1497508440 Label:SM_Plains_Floors_Block01 SpatiallyLoaded:1 Bounds:IsValid=true, Min=(X=0.000 Y=-1120.000 Z=20.000), Max=(X=772.005 Y=-347.995 Z=146.008) RuntimeGrid:None EditorOnly:0 RuntimeOnly:0 HLODRelevant:1 ListedInSceneOutliner:1 IsMainWorldOnly:0 FolderPath:platforms FolderGuid:4D43CB30423895AD653354BC47AD2DFA
 |   |   |- Guid:4B750172475C919DDCBA98956EE28BE5 BaseClass: NativeClass:/Script/Engine.StaticMeshActor Name:SM_Plains_Floors_Block01_UAID_2CF05DB68E1686D401_1833969651 Label:SM_Plains_Floors_Block22 SpatiallyLoaded:1 Bounds:IsValid=true, Min=(X=4621.000 Y=-1845.000 Z=880.000), Max=(X=5393.005 Y=-1072.995 Z=1006.008) RuntimeGrid:None EditorOnly:0 RuntimeOnly:0 HLODRelevant:1 ListedInSceneOutliner:1 IsMainWorldOnly:0 FolderPath:platforms FolderGuid:4D43CB30423895AD653354BC47AD2DFA
 |   |   |- Guid:4CBB6DA941516CDA8B030FB3686DE915 BaseClass: NativeClass:/Script/Engine.WorldDataLayers Name:WorldDataLayers Label:WorldDataLayers SpatiallyLoaded:0 Bounds:Invalid RuntimeGrid:None EditorOnly:0 RuntimeOnly:0 HLODRelevant:0 ListedInSceneOutliner:1 IsMainWorldOnly:1
 |   |   |- Guid:552D66A047A9E3A5FD130FACC028B478 BaseClass: NativeClass:/Script/Engine.StaticMeshActor Name:SM_Plains_Floors_Block01_UAID_2CF05DB68E1685D401_1896231446 Label:SM_Plains_Floors_Block2 SpatiallyLoaded:1 Bounds:IsValid=true, Min=(X=1320.000 Y=-1075.000 Z=450.000), Max=(X=1899.003 Y=-327.120 Z=576.008) RuntimeGrid:None EditorOnly:0 RuntimeOnly:0 HLODRelevant:1 ListedInSceneOutliner:1 IsMainWorldOnly:0 FolderPath:platforms FolderGuid:4D43CB30423895AD653354BC47AD2DFA
 |   |   |- Guid:5553187C416B28158CAC2897FA0CEE70 BaseClass: NativeClass:/Script/Engine.StaticMeshActor Name:SM_Plains_Castle_Stairs_01_UAID_2CF05DB68E1685D401_1766382445 Label:SM_Plains_Castle_Stairs_01 SpatiallyLoaded:1 Bounds:IsValid=true, Min=(X=646.000 Y=-817.103 Z=61.000), Max=(X=1478.000 Y=-542.897 Z=568.000) RuntimeGrid:None EditorOnly:0 RuntimeOnly:0 HLODRelevant:1 ListedInSceneOutliner:1 IsMainWorldOnly:0 FolderPath:platforms FolderGuid:4D43CB30423895AD653354BC47AD2DFA
 |   |   |- Guid:57DEAC9347A58C5500642FB0777AE4BC BaseClass: NativeClass:/Script/Engine.StaticMeshActor Name:SM_Plains_Floors_Block02_UAID_2CF05DB68E1686D401_1676693643 Label:SM_Plains_Floors_Block17 SpatiallyLoaded:1 Bounds:IsValid=true, Min=(X=4621.141 Y=318.958 Z=1206.000), Max=(X=5393.000 Y=695.000 Z=1332.009) RuntimeGrid:None EditorOnly:0 RuntimeOnly:0 HLODRelevant:1 ListedInSceneOutliner:1 IsMainWorldOnly:0 FolderPath:platforms FolderGuid:4D43CB30423895AD653354BC47AD2DFA
 |   |   |- Guid:58F0245141D0647483C4E7B31903E777 BaseClass: NativeClass:/Script/Engine.ExponentialHeightFog Name:ExponentialHeightFog_0 Label:ExponentialHeightFog SpatiallyLoaded:0 Bounds:IsValid=true, Min=(X=-5600.000 Y=-50.000 Z=-6850.000), Max=(X=-5600.000 Y=-50.000 Z=-6850.000) RuntimeGrid:None EditorOnly:0 RuntimeOnly:0 HLODRelevant:0 ListedInSceneOutliner:1 IsMainWorldOnly:0 FolderPath:Lighting FolderGuid:0BA5F0A04EADB18E70D5B180D08FA34B
 |   |   |- Guid:5A1234424F32F7542059108E2E037D7F BaseClass: NativeClass:/Script/Engine.StaticMeshActor Name:SM_Plains_Floors_Block02_UAID_2CF05DB68E1686D401_1965247652 Label:SM_Plains_Floors_Block23 SpatiallyLoaded:1 Bounds:IsValid=true, Min=(X=4620.141 Y=-2224.042 Z=879.000), Max=(X=5392.000 Y=-1848.000 Z=1005.009) RuntimeGrid:None EditorOnly:0 RuntimeOnly:0 HLODRelevant:1 ListedInSceneOutliner:1 IsMainWorldOnly:0 FolderPath:platforms FolderGuid:4D43CB30423895AD653354BC47AD2DFA
 |   |   |- Guid:639DFC434BED649C1F46C9B083AAA6B7 BaseClass: NativeClass:/Script/Engine.StaticMeshActor Name:SM_Plains_Floors_Block01_UAID_2CF05DB68E1685D401_1942019450 Label:SM_Plains_Floors_Block6 SpatiallyLoaded:1 Bounds:IsValid=true, Min=(X=2480.000 Y=-1860.000 Z=450.000), Max=(X=3059.003 Y=-1087.995 Z=576.008) RuntimeGrid:None EditorOnly:0 RuntimeOnly:0 HLODRelevant:1 ListedInSceneOutliner:1 IsMainWorldOnly:0 FolderPath:platforms FolderGuid:4D43CB30423895AD653354BC47AD2DFA
 |   |   |- Guid:68440A954520ED399597FBBC1465884C BaseClass: NativeClass:/Script/Engine.StaticMeshActor Name:SM_Plains_Floors_Block01_UAID_2CF05DB68E1685D401_1918428447 Label:SM_Plains_Floors_Block3 SpatiallyLoaded:1 Bounds:IsValid=true, Min=(X=1320.000 Y=-320.000 Z=450.000), Max=(X=1899.003 Y=452.005 Z=576.008) RuntimeGrid:None EditorOnly:0 RuntimeOnly:0 HLODRelevant:1 ListedInSceneOutliner:1 IsMainWorldOnly:0 FolderPath:platforms FolderGuid:4D43CB30423895AD653354BC47AD2DFA
 |   |   |- Guid:6F6DBBC84025F3AFFE663D96F5C75FEB BaseClass: NativeClass:/Script/Engine.StaticMeshActor Name:StaticMeshActor_UAID_A4AE111137DC5EFB00_2001720423 Label:SM_SkySphere SpatiallyLoaded:0 Bounds:IsValid=true, Min=(X=-1638400.000 Y=-1638400.000 Z=-1638400.000), Max=(X=1638400.000 Y=1638400.000 Z=1638400.000) RuntimeGrid:None EditorOnly:0 RuntimeOnly:0 HLODRelevant:1 ListedInSceneOutliner:1 IsMainWorldOnly:0 FolderPath:Lighting FolderGuid:0BA5F0A04EADB18E70D5B180D08FA34B
 |   |   |- Guid:7009B72B4FD1D8ACACA31FB5E35B0D66 BaseClass: NativeClass:/Script/Engine.StaticMeshActor Name:SM_WaterPlain_UAID_2CF05DB68E1685D401_1301076439 Label:SM_WaterPlain SpatiallyLoaded:1 Bounds:IsValid=true, Min=(X=-59254.959 Y=-59254.930 Z=-0.000), Max=(X=59254.930 Y=59254.959 Z=0.000) RuntimeGrid:None EditorOnly:0 RuntimeOnly:0 HLODRelevant:1 ListedInSceneOutliner:1 IsMainWorldOnly:0 FolderPath:playground FolderGuid:2F9DB6084B7EF48FABE667AF138916CE
 |   |   |- Guid:8090DF904D1972BC1A17599E2922DDDD BaseClass: NativeClass:/Script/Engine.PostProcessVolume Name:PostProcessVolume_0 Label:PostProcessVolume SpatiallyLoaded:0 Bounds:IsValid=true, Min=(X=0.000 Y=0.000 Z=400.000), Max=(X=200.000 Y=200.000 Z=600.000) RuntimeGrid:None EditorOnly:0 RuntimeOnly:0 HLODRelevant:0 ListedInSceneOutliner:1 IsMainWorldOnly:0 FolderPath:Lighting FolderGuid:0BA5F0A04EADB18E70D5B180D08FA34B
 |   |   |- Guid:82E7A0624DCF4DA337944184668C5143 BaseClass: NativeClass:/Script/Engine.StaticMeshActor Name:SM_Plains_Floors_Block02_UAID_2CF05DB68E1686D401_1646576642 Label:SM_Plains_Floors_Block16 SpatiallyLoaded:1 Bounds:IsValid=true, Min=(X=4620.141 Y=5.958 Z=1097.000), Max=(X=5392.000 Y=382.000 Z=1223.009) RuntimeGrid:None EditorOnly:0 RuntimeOnly:0 HLODRelevant:1 ListedInSceneOutliner:1 IsMainWorldOnly:0 FolderPath:platforms FolderGuid:4D43CB30423895AD653354BC47AD2DFA
 |   |   |- Guid:94F7C121441CB1D47C8624960064C335 BaseClass: NativeClass:/Script/Engine.StaticMeshActor Name:SM_Plains_Floors_Block01_UAID_2CF05DB68E1686D401_1301965634 Label:SM_Plains_Floors_Block12 SpatiallyLoaded:1 Bounds:IsValid=true, Min=(X=3364.000 Y=-1086.000 Z=648.000), Max=(X=3943.003 Y=-313.995 Z=683.440) RuntimeGrid:None EditorOnly:0 RuntimeOnly:0 HLODRelevant:1 ListedInSceneOutliner:1 IsMainWorldOnly:0 FolderPath:platforms FolderGuid:4D43CB30423895AD653354BC47AD2DFA
 |   |   |- Guid:9806A3DF44939E6A1EDEFB99401DC16B BaseClass: NativeClass:/Script/Engine.StaticMeshActor Name:SM_Plains_Floors_Block01_UAID_2CF05DB68E1686D401_1797107649 Label:SM_Plains_Floors_Block20 SpatiallyLoaded:1 Bounds:IsValid=true, Min=(X=3853.000 Y=1447.193 Z=1206.000), Max=(X=4625.005 Y=2219.197 Z=1332.008) RuntimeGrid:None EditorOnly:0 RuntimeOnly:0 HLODRelevant:1 ListedInSceneOutliner:1 IsMainWorldOnly:0 FolderPath:platforms FolderGuid:4D43CB30423895AD653354BC47AD2DFA
 |   |   |- Guid:9A0529E54844344FED47F0B62284F8C5 BaseClass: NativeClass:/Script/Engine.StaticMeshActor Name:SM_Plains_Floors_Block01_UAID_2CF05DB68E1686D401_1718331645 Label:SM_Plains_Floors_Block19 SpatiallyLoaded:1 Bounds:IsValid=true, Min=(X=4622.000 Y=1451.193 Z=1206.000), Max=(X=5394.005 Y=2223.197 Z=1332.008) RuntimeGrid:None EditorOnly:0 RuntimeOnly:0 HLODRelevant:1 ListedInSceneOutliner:1 IsMainWorldOnly:0 FolderPath:platforms FolderGuid:4D43CB30423895AD653354BC47AD2DFA
 |   |   |- Guid:A06E09E0445D293006DBC789809779AF BaseClass: NativeClass:/Script/Engine.StaticMeshActor Name:SM_Plains_Floors_Flat02_UAID_2CF05DB68E1686D401_1724213646 Label:SM_Plains_Floors_Flat02 SpatiallyLoaded:1 Bounds:IsValid=true, Min=(X=-696.002 Y=-3596.002 Z=10.000), Max=(X=76.002 Y=-2823.998 Z=10.000) RuntimeGrid:None EditorOnly:0 RuntimeOnly:0 HLODRelevant:1 ListedInSceneOutliner:1 IsMainWorldOnly:0
 |   |   |- Guid:ADAB0CB1419213BBC9E153A1285B2AEA BaseClass: NativeClass:/Script/Engine.StaticMeshActor Name:SM_Plains_Floors_Block01_UAID_2CF05DB68E1686D401_1694545644 Label:SM_Plains_Floors_Block18 SpatiallyLoaded:1 Bounds:IsValid=true, Min=(X=4621.000 Y=683.000 Z=1206.000), Max=(X=5393.005 Y=1455.005 Z=1332.008) RuntimeGrid:None EditorOnly:0 RuntimeOnly:0 HLODRelevant:1 ListedInSceneOutliner:1 IsMainWorldOnly:0 FolderPath:platforms FolderGuid:4D43CB30423895AD653354BC47AD2DFA
 |   |   |- Guid:BD4B0BB742D414683922A28C80C33BF5 BaseClass: NativeClass:/Script/Engine.StaticMeshActor Name:SM_Plains_Floors_Block01_UAID_2CF05DB68E1685D401_1950785452 Label:SM_Plains_Floors_Block8 SpatiallyLoaded:1 Bounds:IsValid=true, Min=(X=2480.000 Y=-320.000 Z=450.000), Max=(X=3059.003 Y=452.005 Z=576.008) RuntimeGrid:None EditorOnly:0 RuntimeOnly:0 HLODRelevant:1 ListedInSceneOutliner:1 IsMainWorldOnly:0 FolderPath:platforms FolderGuid:4D43CB30423895AD653354BC47AD2DFA
 |   |   |- Guid:BD8800C84AEDDD5754815EB932C40539 BaseClass: NativeClass:/Script/Engine.StaticMeshActor Name:SM_Plains_Floors_Block01_UAID_2CF05DB68E1685D401_1950783451 Label:SM_Plains_Floors_Block7 SpatiallyLoaded:1 Bounds:IsValid=true, Min=(X=1900.000 Y=-320.000 Z=450.000), Max=(X=2479.003 Y=452.005 Z=576.008) RuntimeGrid:None EditorOnly:0 RuntimeOnly:0 HLODRelevant:1 ListedInSceneOutliner:1 IsMainWorldOnly:0 FolderPath:platforms FolderGuid:4D43CB30423895AD653354BC47AD2DFA
 |   |   |- Guid:BFBF07DA47DE9B9BDDD59684B14A0C0D BaseClass: NativeClass:/Script/Engine.DirectionalLight Name:DirectionalLight_1 Label:DirectionalLight SpatiallyLoaded:0 Bounds:IsValid=true, Min=(X=-4398046511104.000 Y=-4398046511104.000 Z=-4398046511104.000), Max=(X=4398046511104.000 Y=4398046511104.000 Z=4398046511104.000) RuntimeGrid:None EditorOnly:0 RuntimeOnly:0 HLODRelevant:0 ListedInSceneOutliner:1 IsMainWorldOnly:0 FolderPath:Lighting FolderGuid:0BA5F0A04EADB18E70D5B180D08FA34B
 |   |   |- Guid:D3895B9E4DC4E3C88CFEFC819AE2E49E BaseClass: NativeClass:/Script/Engine.StaticMeshActor Name:SM_Plains_Floors_Block01_UAID_2CF05DB68E1686D401_2008023653 Label:SM_Plains_Floors_Block24 SpatiallyLoaded:1 Bounds:IsValid=true, Min=(X=4621.000 Y=-2931.000 Z=773.000), Max=(X=5393.005 Y=-2158.995 Z=899.008) RuntimeGrid:None EditorOnly:0 RuntimeOnly:0 HLODRelevant:1 ListedInSceneOutliner:1 IsMainWorldOnly:0 FolderPath:platforms FolderGuid:4D43CB30423895AD653354BC47AD2DFA
 |   |   |- Guid:DE862B8F4A2F05DE11DB0C86D410D6E7 BaseClass: NativeClass:/Script/Engine.SkyAtmosphere Name:SkyAtmosphere_0 Label:SkyAtmosphere SpatiallyLoaded:0 Bounds:IsValid=true, Min=(X=0.000 Y=0.000 Z=1020.000), Max=(X=0.000 Y=0.000 Z=1020.000) RuntimeGrid:None EditorOnly:0 RuntimeOnly:0 HLODRelevant:0 ListedInSceneOutliner:1 IsMainWorldOnly:0 FolderPath:Lighting FolderGuid:0BA5F0A04EADB18E70D5B180D08FA34B
 |   |   |- Guid:E156F45E40CE1064790E3DB8386F6E95 BaseClass: NativeClass:/Script/Engine.StaticMeshActor Name:SM_Plains_Floors_Block01_UAID_2CF05DB68E1685D401_2050701454 Label:SM_Plains_Floors_Block9 SpatiallyLoaded:1 Bounds:IsValid=true, Min=(X=2476.000 Y=-1076.000 Z=450.000), Max=(X=3055.003 Y=-328.120 Z=576.008) RuntimeGrid:None EditorOnly:0 RuntimeOnly:0 HLODRelevant:1 ListedInSceneOutliner:1 IsMainWorldOnly:0 FolderPath:platforms FolderGuid:4D43CB30423895AD653354BC47AD2DFA
 |   |   |- Guid:E629D2084C8BD8BA4505608486963DE9 BaseClass: NativeClass:/Script/Engine.SkyLight Name:SkyLight_0 Label:SkyLight SpatiallyLoaded:0 Bounds:IsValid=true, Min=(X=0.000 Y=0.000 Z=690.000), Max=(X=0.000 Y=0.000 Z=690.000) RuntimeGrid:None EditorOnly:0 RuntimeOnly:0 HLODRelevant:0 ListedInSceneOutliner:1 IsMainWorldOnly:0 FolderPath:Lighting FolderGuid:0BA5F0A04EADB18E70D5B180D08FA34B
 |   |- [+] Clusters:
 |   |   |- [+] [  0]
 |   |   |   |- Guid:00F20FFB41ECCB3DDE8EE69C7E270918 BaseClass: NativeClass:/Script/Engine.StaticMeshActor Name:SM_Plains_Floors_Block02_UAID_2CF05DB68E1685D401_1497511441 Label:SM_Plains_Floors_Block02 SpatiallyLoaded:1 Bounds:IsValid=true, Min=(X=3047.958 Y=-1086.000 Z=559.000), Max=(X=3424.000 Y=-314.141 Z=685.009) RuntimeGrid:None EditorOnly:0 RuntimeOnly:0 HLODRelevant:1 ListedInSceneOutliner:1 IsMainWorldOnly:0 FolderPath:platforms FolderGuid:4D43CB30423895AD653354BC47AD2DFA
 |   |   |- [+] [  1]
 |   |   |   |- Guid:0F3852F047D6B1A400D47B8F48DC9AD4 BaseClass: NativeClass:/Script/Engine.StaticMeshActor Name:SM_Plains_Floors_Block02_UAID_2CF05DB68E1686D401_1278291633 Label:SM_Plains_Floors_Block11 SpatiallyLoaded:1 Bounds:IsValid=true, Min=(X=3933.958 Y=-1084.000 Z=757.000), Max=(X=4310.000 Y=-312.141 Z=883.009) RuntimeGrid:None EditorOnly:0 RuntimeOnly:0 HLODRelevant:1 ListedInSceneOutliner:1 IsMainWorldOnly:0 FolderPath:platforms FolderGuid:4D43CB30423895AD653354BC47AD2DFA
 |   |   |- [+] [  2]
 |   |   |   |- Guid:14AE26904F5F136402D1E889FB4A5C06 BaseClass: NativeClass:/Script/Engine.StaticMeshActor Name:SM_Plains_Floors_Block01_UAID_2CF05DB68E1685D401_1928365448 Label:SM_Plains_Floors_Block4 SpatiallyLoaded:1 Bounds:IsValid=true, Min=(X=1320.000 Y=-1850.000 Z=450.000), Max=(X=1899.003 Y=-1077.995 Z=576.008) RuntimeGrid:None EditorOnly:0 RuntimeOnly:0 HLODRelevant:1 ListedInSceneOutliner:1 IsMainWorldOnly:0 FolderPath:platforms FolderGuid:4D43CB30423895AD653354BC47AD2DFA
 |   |   |- [+] [  3]
 |   |   |   |- Guid:1B1062BB4F0F3837FA1E559841E73202 BaseClass: NativeClass:/Script/Engine.StaticMeshActor Name:SM_Plains_Floors_Block02_UAID_2CF05DB68E1686D401_1354703635 Label:SM_Plains_Floors_Block13 SpatiallyLoaded:1 Bounds:IsValid=true, Min=(X=4257.958 Y=-1083.000 Z=862.000), Max=(X=4634.000 Y=-311.141 Z=988.009) RuntimeGrid:None EditorOnly:0 RuntimeOnly:0 HLODRelevant:1 ListedInSceneOutliner:1 IsMainWorldOnly:0 FolderPath:platforms FolderGuid:4D43CB30423895AD653354BC47AD2DFA
 |   |   |- [+] [  4]
 |   |   |   |- Guid:20106D8A47497C08175E04906C7282FB BaseClass: NativeClass:/Script/Engine.StaticMeshActor Name:SM_Plains_Floors_Block01_UAID_2CF05DB68E1686D401_1439782636 Label:SM_Plains_Floors_Block14 SpatiallyLoaded:1 Bounds:IsValid=true, Min=(X=4620.000 Y=-1078.000 Z=880.000), Max=(X=5392.005 Y=-305.995 Z=1006.008) RuntimeGrid:None EditorOnly:0 RuntimeOnly:0 HLODRelevant:1 ListedInSceneOutliner:1 IsMainWorldOnly:0 FolderPath:platforms FolderGuid:4D43CB30423895AD653354BC47AD2DFA
 |   |   |- [+] [  5]
 |   |   |   |- Guid:29FAAF844413EC107382B68B6100635E BaseClass: NativeClass:/Script/Engine.VolumetricCloud Name:VolumetricCloud_0 Label:VolumetricCloud SpatiallyLoaded:0 Bounds:IsValid=true, Min=(X=0.000 Y=0.000 Z=820.000), Max=(X=0.000 Y=0.000 Z=820.000) RuntimeGrid:None EditorOnly:0 RuntimeOnly:0 HLODRelevant:0 ListedInSceneOutliner:1 IsMainWorldOnly:0 FolderPath:Lighting FolderGuid:0BA5F0A04EADB18E70D5B180D08FA34B
 |   |   |- [+] [  6]
 |   |   |   |- Guid:30E2B57A43B1EEF82DD78FABD3E83B0D BaseClass: NativeClass:/Script/Engine.StaticMeshActor Name:SM_Plains_Floors_Block02_UAID_2CF05DB68E1686D401_1610630641 Label:SM_Plains_Floors_Block15 SpatiallyLoaded:1 Bounds:IsValid=true, Min=(X=4619.141 Y=-308.042 Z=989.000), Max=(X=5391.000 Y=68.000 Z=1115.009) RuntimeGrid:None EditorOnly:0 RuntimeOnly:0 HLODRelevant:1 ListedInSceneOutliner:1 IsMainWorldOnly:0 FolderPath:platforms FolderGuid:4D43CB30423895AD653354BC47AD2DFA
 |   |   |- [+] [  7]
 |   |   |   |- Guid:373EBD78449432AA095EF88C3E0CB328 BaseClass: NativeClass:/Script/Engine.StaticMeshActor Name:SM_Plains_Floors_Block01_UAID_2CF05DB68E1686D401_1815849650 Label:SM_Plains_Floors_Block21 SpatiallyLoaded:1 Bounds:IsValid=true, Min=(X=3848.000 Y=680.000 Z=1206.000), Max=(X=4620.005 Y=1452.005 Z=1332.008) RuntimeGrid:None EditorOnly:0 RuntimeOnly:0 HLODRelevant:1 ListedInSceneOutliner:1 IsMainWorldOnly:0 FolderPath:platforms FolderGuid:4D43CB30423895AD653354BC47AD2DFA
 |   |   |- [+] [  8]
 |   |   |   |- Guid:3E59BBB7428B2853657CCEA11B9CC10F BaseClass: NativeClass:/Script/Engine.StaticMeshActor Name:SM_Plains_Floors_Block01_UAID_2CF05DB68E1685D401_1936740449 Label:SM_Plains_Floors_Block5 SpatiallyLoaded:1 Bounds:IsValid=true, Min=(X=1900.000 Y=-1850.000 Z=450.000), Max=(X=2479.003 Y=-1077.995 Z=576.008) RuntimeGrid:None EditorOnly:0 RuntimeOnly:0 HLODRelevant:1 ListedInSceneOutliner:1 IsMainWorldOnly:0 FolderPath:platforms FolderGuid:4D43CB30423895AD653354BC47AD2DFA
 |   |   |- [+] [  9]
 |   |   |   |- Guid:3E63396448D111E6B6E9EA8C016B42C6 BaseClass: NativeClass:/Script/Engine.StaticMeshActor Name:SM_Plains_Floors_Block02_UAID_2CF05DB68E1686D401_1238207632 Label:SM_Plains_Floors_Block10 SpatiallyLoaded:1 Bounds:IsValid=true, Min=(X=3619.958 Y=-1085.000 Z=653.000), Max=(X=3996.000 Y=-313.141 Z=779.009) RuntimeGrid:None EditorOnly:0 RuntimeOnly:0 HLODRelevant:1 ListedInSceneOutliner:1 IsMainWorldOnly:0 FolderPath:platforms FolderGuid:4D43CB30423895AD653354BC47AD2DFA
 |   |   |- [+] [ 10]
 |   |   |   |- Guid:43B2FD444721384E77CF0985F7358AB4 BaseClass: NativeClass:/Script/Engine.StaticMeshActor Name:SM_Plains_Floors_Block01_UAID_2CF05DB68E1685D401_1497508440 Label:SM_Plains_Floors_Block01 SpatiallyLoaded:1 Bounds:IsValid=true, Min=(X=0.000 Y=-1120.000 Z=20.000), Max=(X=772.005 Y=-347.995 Z=146.008) RuntimeGrid:None EditorOnly:0 RuntimeOnly:0 HLODRelevant:1 ListedInSceneOutliner:1 IsMainWorldOnly:0 FolderPath:platforms FolderGuid:4D43CB30423895AD653354BC47AD2DFA
 |   |   |- [+] [ 11]
 |   |   |   |- Guid:4B750172475C919DDCBA98956EE28BE5 BaseClass: NativeClass:/Script/Engine.StaticMeshActor Name:SM_Plains_Floors_Block01_UAID_2CF05DB68E1686D401_1833969651 Label:SM_Plains_Floors_Block22 SpatiallyLoaded:1 Bounds:IsValid=true, Min=(X=4621.000 Y=-1845.000 Z=880.000), Max=(X=5393.005 Y=-1072.995 Z=1006.008) RuntimeGrid:None EditorOnly:0 RuntimeOnly:0 HLODRelevant:1 ListedInSceneOutliner:1 IsMainWorldOnly:0 FolderPath:platforms FolderGuid:4D43CB30423895AD653354BC47AD2DFA
 |   |   |- [+] [ 12]
 |   |   |   |- Guid:4CBB6DA941516CDA8B030FB3686DE915 BaseClass: NativeClass:/Script/Engine.WorldDataLayers Name:WorldDataLayers Label:WorldDataLayers SpatiallyLoaded:0 Bounds:Invalid RuntimeGrid:None EditorOnly:0 RuntimeOnly:0 HLODRelevant:0 ListedInSceneOutliner:1 IsMainWorldOnly:1
 |   |   |- [+] [ 13]
 |   |   |   |- Guid:552D66A047A9E3A5FD130FACC028B478 BaseClass: NativeClass:/Script/Engine.StaticMeshActor Name:SM_Plains_Floors_Block01_UAID_2CF05DB68E1685D401_1896231446 Label:SM_Plains_Floors_Block2 SpatiallyLoaded:1 Bounds:IsValid=true, Min=(X=1320.000 Y=-1075.000 Z=450.000), Max=(X=1899.003 Y=-327.120 Z=576.008) RuntimeGrid:None EditorOnly:0 RuntimeOnly:0 HLODRelevant:1 ListedInSceneOutliner:1 IsMainWorldOnly:0 FolderPath:platforms FolderGuid:4D43CB30423895AD653354BC47AD2DFA
 |   |   |- [+] [ 14]
 |   |   |   |- Guid:5553187C416B28158CAC2897FA0CEE70 BaseClass: NativeClass:/Script/Engine.StaticMeshActor Name:SM_Plains_Castle_Stairs_01_UAID_2CF05DB68E1685D401_1766382445 Label:SM_Plains_Castle_Stairs_01 SpatiallyLoaded:1 Bounds:IsValid=true, Min=(X=646.000 Y=-817.103 Z=61.000), Max=(X=1478.000 Y=-542.897 Z=568.000) RuntimeGrid:None EditorOnly:0 RuntimeOnly:0 HLODRelevant:1 ListedInSceneOutliner:1 IsMainWorldOnly:0 FolderPath:platforms FolderGuid:4D43CB30423895AD653354BC47AD2DFA
 |   |   |- [+] [ 15]
 |   |   |   |- Guid:57DEAC9347A58C5500642FB0777AE4BC BaseClass: NativeClass:/Script/Engine.StaticMeshActor Name:SM_Plains_Floors_Block02_UAID_2CF05DB68E1686D401_1676693643 Label:SM_Plains_Floors_Block17 SpatiallyLoaded:1 Bounds:IsValid=true, Min=(X=4621.141 Y=318.958 Z=1206.000), Max=(X=5393.000 Y=695.000 Z=1332.009) RuntimeGrid:None EditorOnly:0 RuntimeOnly:0 HLODRelevant:1 ListedInSceneOutliner:1 IsMainWorldOnly:0 FolderPath:platforms FolderGuid:4D43CB30423895AD653354BC47AD2DFA
 |   |   |- [+] [ 16]
 |   |   |   |- Guid:58F0245141D0647483C4E7B31903E777 BaseClass: NativeClass:/Script/Engine.ExponentialHeightFog Name:ExponentialHeightFog_0 Label:ExponentialHeightFog SpatiallyLoaded:0 Bounds:IsValid=true, Min=(X=-5600.000 Y=-50.000 Z=-6850.000), Max=(X=-5600.000 Y=-50.000 Z=-6850.000) RuntimeGrid:None EditorOnly:0 RuntimeOnly:0 HLODRelevant:0 ListedInSceneOutliner:1 IsMainWorldOnly:0 FolderPath:Lighting FolderGuid:0BA5F0A04EADB18E70D5B180D08FA34B
 |   |   |- [+] [ 17]
 |   |   |   |- Guid:5A1234424F32F7542059108E2E037D7F BaseClass: NativeClass:/Script/Engine.StaticMeshActor Name:SM_Plains_Floors_Block02_UAID_2CF05DB68E1686D401_1965247652 Label:SM_Plains_Floors_Block23 SpatiallyLoaded:1 Bounds:IsValid=true, Min=(X=4620.141 Y=-2224.042 Z=879.000), Max=(X=5392.000 Y=-1848.000 Z=1005.009) RuntimeGrid:None EditorOnly:0 RuntimeOnly:0 HLODRelevant:1 ListedInSceneOutliner:1 IsMainWorldOnly:0 FolderPath:platforms FolderGuid:4D43CB30423895AD653354BC47AD2DFA
 |   |   |- [+] [ 18]
 |   |   |   |- Guid:639DFC434BED649C1F46C9B083AAA6B7 BaseClass: NativeClass:/Script/Engine.StaticMeshActor Name:SM_Plains_Floors_Block01_UAID_2CF05DB68E1685D401_1942019450 Label:SM_Plains_Floors_Block6 SpatiallyLoaded:1 Bounds:IsValid=true, Min=(X=2480.000 Y=-1860.000 Z=450.000), Max=(X=3059.003 Y=-1087.995 Z=576.008) RuntimeGrid:None EditorOnly:0 RuntimeOnly:0 HLODRelevant:1 ListedInSceneOutliner:1 IsMainWorldOnly:0 FolderPath:platforms FolderGuid:4D43CB30423895AD653354BC47AD2DFA
 |   |   |- [+] [ 19]
 |   |   |   |- Guid:68440A954520ED399597FBBC1465884C BaseClass: NativeClass:/Script/Engine.StaticMeshActor Name:SM_Plains_Floors_Block01_UAID_2CF05DB68E1685D401_1918428447 Label:SM_Plains_Floors_Block3 SpatiallyLoaded:1 Bounds:IsValid=true, Min=(X=1320.000 Y=-320.000 Z=450.000), Max=(X=1899.003 Y=452.005 Z=576.008) RuntimeGrid:None EditorOnly:0 RuntimeOnly:0 HLODRelevant:1 ListedInSceneOutliner:1 IsMainWorldOnly:0 FolderPath:platforms FolderGuid:4D43CB30423895AD653354BC47AD2DFA
 |   |   |- [+] [ 20]
 |   |   |   |- Guid:6F6DBBC84025F3AFFE663D96F5C75FEB BaseClass: NativeClass:/Script/Engine.StaticMeshActor Name:StaticMeshActor_UAID_A4AE111137DC5EFB00_2001720423 Label:SM_SkySphere SpatiallyLoaded:0 Bounds:IsValid=true, Min=(X=-1638400.000 Y=-1638400.000 Z=-1638400.000), Max=(X=1638400.000 Y=1638400.000 Z=1638400.000) RuntimeGrid:None EditorOnly:0 RuntimeOnly:0 HLODRelevant:1 ListedInSceneOutliner:1 IsMainWorldOnly:0 FolderPath:Lighting FolderGuid:0BA5F0A04EADB18E70D5B180D08FA34B
 |   |   |- [+] [ 21]
 |   |   |   |- Guid:7009B72B4FD1D8ACACA31FB5E35B0D66 BaseClass: NativeClass:/Script/Engine.StaticMeshActor Name:SM_WaterPlain_UAID_2CF05DB68E1685D401_1301076439 Label:SM_WaterPlain SpatiallyLoaded:1 Bounds:IsValid=true, Min=(X=-59254.959 Y=-59254.930 Z=-0.000), Max=(X=59254.930 Y=59254.959 Z=0.000) RuntimeGrid:None EditorOnly:0 RuntimeOnly:0 HLODRelevant:1 ListedInSceneOutliner:1 IsMainWorldOnly:0 FolderPath:playground FolderGuid:2F9DB6084B7EF48FABE667AF138916CE
 |   |   |- [+] [ 22]
 |   |   |   |- Guid:8090DF904D1972BC1A17599E2922DDDD BaseClass: NativeClass:/Script/Engine.PostProcessVolume Name:PostProcessVolume_0 Label:PostProcessVolume SpatiallyLoaded:0 Bounds:IsValid=true, Min=(X=0.000 Y=0.000 Z=400.000), Max=(X=200.000 Y=200.000 Z=600.000) RuntimeGrid:None EditorOnly:0 RuntimeOnly:0 HLODRelevant:0 ListedInSceneOutliner:1 IsMainWorldOnly:0 FolderPath:Lighting FolderGuid:0BA5F0A04EADB18E70D5B180D08FA34B
 |   |   |- [+] [ 23]
 |   |   |   |- Guid:82E7A0624DCF4DA337944184668C5143 BaseClass: NativeClass:/Script/Engine.StaticMeshActor Name:SM_Plains_Floors_Block02_UAID_2CF05DB68E1686D401_1646576642 Label:SM_Plains_Floors_Block16 SpatiallyLoaded:1 Bounds:IsValid=true, Min=(X=4620.141 Y=5.958 Z=1097.000), Max=(X=5392.000 Y=382.000 Z=1223.009) RuntimeGrid:None EditorOnly:0 RuntimeOnly:0 HLODRelevant:1 ListedInSceneOutliner:1 IsMainWorldOnly:0 FolderPath:platforms FolderGuid:4D43CB30423895AD653354BC47AD2DFA
 |   |   |- [+] [ 24]
 |   |   |   |- Guid:94F7C121441CB1D47C8624960064C335 BaseClass: NativeClass:/Script/Engine.StaticMeshActor Name:SM_Plains_Floors_Block01_UAID_2CF05DB68E1686D401_1301965634 Label:SM_Plains_Floors_Block12 SpatiallyLoaded:1 Bounds:IsValid=true, Min=(X=3364.000 Y=-1086.000 Z=648.000), Max=(X=3943.003 Y=-313.995 Z=683.440) RuntimeGrid:None EditorOnly:0 RuntimeOnly:0 HLODRelevant:1 ListedInSceneOutliner:1 IsMainWorldOnly:0 FolderPath:platforms FolderGuid:4D43CB30423895AD653354BC47AD2DFA
 |   |   |- [+] [ 25]
 |   |   |   |- Guid:9806A3DF44939E6A1EDEFB99401DC16B BaseClass: NativeClass:/Script/Engine.StaticMeshActor Name:SM_Plains_Floors_Block01_UAID_2CF05DB68E1686D401_1797107649 Label:SM_Plains_Floors_Block20 SpatiallyLoaded:1 Bounds:IsValid=true, Min=(X=3853.000 Y=1447.193 Z=1206.000), Max=(X=4625.005 Y=2219.197 Z=1332.008) RuntimeGrid:None EditorOnly:0 RuntimeOnly:0 HLODRelevant:1 ListedInSceneOutliner:1 IsMainWorldOnly:0 FolderPath:platforms FolderGuid:4D43CB30423895AD653354BC47AD2DFA
 |   |   |- [+] [ 26]
 |   |   |   |- Guid:9A0529E54844344FED47F0B62284F8C5 BaseClass: NativeClass:/Script/Engine.StaticMeshActor Name:SM_Plains_Floors_Block01_UAID_2CF05DB68E1686D401_1718331645 Label:SM_Plains_Floors_Block19 SpatiallyLoaded:1 Bounds:IsValid=true, Min=(X=4622.000 Y=1451.193 Z=1206.000), Max=(X=5394.005 Y=2223.197 Z=1332.008) RuntimeGrid:None EditorOnly:0 RuntimeOnly:0 HLODRelevant:1 ListedInSceneOutliner:1 IsMainWorldOnly:0 FolderPath:platforms FolderGuid:4D43CB30423895AD653354BC47AD2DFA
 |   |   |- [+] [ 27]
 |   |   |   |- Guid:A06E09E0445D293006DBC789809779AF BaseClass: NativeClass:/Script/Engine.StaticMeshActor Name:SM_Plains_Floors_Flat02_UAID_2CF05DB68E1686D401_1724213646 Label:SM_Plains_Floors_Flat02 SpatiallyLoaded:1 Bounds:IsValid=true, Min=(X=-696.002 Y=-3596.002 Z=10.000), Max=(X=76.002 Y=-2823.998 Z=10.000) RuntimeGrid:None EditorOnly:0 RuntimeOnly:0 HLODRelevant:1 ListedInSceneOutliner:1 IsMainWorldOnly:0
 |   |   |- [+] [ 28]
 |   |   |   |- Guid:ADAB0CB1419213BBC9E153A1285B2AEA BaseClass: NativeClass:/Script/Engine.StaticMeshActor Name:SM_Plains_Floors_Block01_UAID_2CF05DB68E1686D401_1694545644 Label:SM_Plains_Floors_Block18 SpatiallyLoaded:1 Bounds:IsValid=true, Min=(X=4621.000 Y=683.000 Z=1206.000), Max=(X=5393.005 Y=1455.005 Z=1332.008) RuntimeGrid:None EditorOnly:0 RuntimeOnly:0 HLODRelevant:1 ListedInSceneOutliner:1 IsMainWorldOnly:0 FolderPath:platforms FolderGuid:4D43CB30423895AD653354BC47AD2DFA
 |   |   |- [+] [ 29]
 |   |   |   |- Guid:BD4B0BB742D414683922A28C80C33BF5 BaseClass: NativeClass:/Script/Engine.StaticMeshActor Name:SM_Plains_Floors_Block01_UAID_2CF05DB68E1685D401_1950785452 Label:SM_Plains_Floors_Block8 SpatiallyLoaded:1 Bounds:IsValid=true, Min=(X=2480.000 Y=-320.000 Z=450.000), Max=(X=3059.003 Y=452.005 Z=576.008) RuntimeGrid:None EditorOnly:0 RuntimeOnly:0 HLODRelevant:1 ListedInSceneOutliner:1 IsMainWorldOnly:0 FolderPath:platforms FolderGuid:4D43CB30423895AD653354BC47AD2DFA
 |   |   |- [+] [ 30]
 |   |   |   |- Guid:BD8800C84AEDDD5754815EB932C40539 BaseClass: NativeClass:/Script/Engine.StaticMeshActor Name:SM_Plains_Floors_Block01_UAID_2CF05DB68E1685D401_1950783451 Label:SM_Plains_Floors_Block7 SpatiallyLoaded:1 Bounds:IsValid=true, Min=(X=1900.000 Y=-320.000 Z=450.000), Max=(X=2479.003 Y=452.005 Z=576.008) RuntimeGrid:None EditorOnly:0 RuntimeOnly:0 HLODRelevant:1 ListedInSceneOutliner:1 IsMainWorldOnly:0 FolderPath:platforms FolderGuid:4D43CB30423895AD653354BC47AD2DFA
 |   |   |- [+] [ 31]
 |   |   |   |- Guid:BFBF07DA47DE9B9BDDD59684B14A0C0D BaseClass: NativeClass:/Script/Engine.DirectionalLight Name:DirectionalLight_1 Label:DirectionalLight SpatiallyLoaded:0 Bounds:IsValid=true, Min=(X=-4398046511104.000 Y=-4398046511104.000 Z=-4398046511104.000), Max=(X=4398046511104.000 Y=4398046511104.000 Z=4398046511104.000) RuntimeGrid:None EditorOnly:0 RuntimeOnly:0 HLODRelevant:0 ListedInSceneOutliner:1 IsMainWorldOnly:0 FolderPath:Lighting FolderGuid:0BA5F0A04EADB18E70D5B180D08FA34B
 |   |   |- [+] [ 32]
 |   |   |   |- Guid:D3895B9E4DC4E3C88CFEFC819AE2E49E BaseClass: NativeClass:/Script/Engine.StaticMeshActor Name:SM_Plains_Floors_Block01_UAID_2CF05DB68E1686D401_2008023653 Label:SM_Plains_Floors_Block24 SpatiallyLoaded:1 Bounds:IsValid=true, Min=(X=4621.000 Y=-2931.000 Z=773.000), Max=(X=5393.005 Y=-2158.995 Z=899.008) RuntimeGrid:None EditorOnly:0 RuntimeOnly:0 HLODRelevant:1 ListedInSceneOutliner:1 IsMainWorldOnly:0 FolderPath:platforms FolderGuid:4D43CB30423895AD653354BC47AD2DFA
 |   |   |- [+] [ 33]
 |   |   |   |- Guid:DE862B8F4A2F05DE11DB0C86D410D6E7 BaseClass: NativeClass:/Script/Engine.SkyAtmosphere Name:SkyAtmosphere_0 Label:SkyAtmosphere SpatiallyLoaded:0 Bounds:IsValid=true, Min=(X=0.000 Y=0.000 Z=1020.000), Max=(X=0.000 Y=0.000 Z=1020.000) RuntimeGrid:None EditorOnly:0 RuntimeOnly:0 HLODRelevant:0 ListedInSceneOutliner:1 IsMainWorldOnly:0 FolderPath:Lighting FolderGuid:0BA5F0A04EADB18E70D5B180D08FA34B
 |   |   |- [+] [ 34]
 |   |   |   |- Guid:E156F45E40CE1064790E3DB8386F6E95 BaseClass: NativeClass:/Script/Engine.StaticMeshActor Name:SM_Plains_Floors_Block01_UAID_2CF05DB68E1685D401_2050701454 Label:SM_Plains_Floors_Block9 SpatiallyLoaded:1 Bounds:IsValid=true, Min=(X=2476.000 Y=-1076.000 Z=450.000), Max=(X=3055.003 Y=-328.120 Z=576.008) RuntimeGrid:None EditorOnly:0 RuntimeOnly:0 HLODRelevant:1 ListedInSceneOutliner:1 IsMainWorldOnly:0 FolderPath:platforms FolderGuid:4D43CB30423895AD653354BC47AD2DFA
 |   |   |- [+] [ 35]
 |   |   |   |- Guid:E629D2084C8BD8BA4505608486963DE9 BaseClass: NativeClass:/Script/Engine.SkyLight Name:SkyLight_0 Label:SkyLight SpatiallyLoaded:0 Bounds:IsValid=true, Min=(X=0.000 Y=0.000 Z=690.000), Max=(X=0.000 Y=0.000 Z=690.000) RuntimeGrid:None EditorOnly:0 RuntimeOnly:0 HLODRelevant:0 ListedInSceneOutliner:1 IsMainWorldOnly:0 FolderPath:Lighting FolderGuid:0BA5F0A04EADB18E70D5B180D08FA34B
 |- ContainerInstances:
 |- [+] MainContainer:
 |   |-        ID: 00000000000000000000000000000000
 |   |-  ParentID: 00000000000000000000000000000000
 |   |-    Bounds: IsValid=false, Min=(X=0.000 Y=0.000 Z=0.000), Max=(X=0.000 Y=0.000 Z=0.000)
 |   |- Transform: 0.000000,0.000000,0.000000|0.000000,0.000000,-0.000000|1.000000,1.000000,1.000000
 |   |- Container: /Game/Time_is_out/FirstPersonMap
----------------------------------------------------------------------------------------------------------------
FirstPersonMap - Persistent Level
----------------------------------------------------------------------------------------------------------------
[+] Content of FirstPersonMap Persistent Level
 |- Always loaded Actor Count: 43 
 |- Actor Path: /Game/Time_is_out/FirstPersonMap.FirstPersonMap:PersistentLevel.AbstractNavData-Default
 |- Actor Package: /Game/Time_is_out/FirstPersonMap
 |- Actor Path: /Game/Time_is_out/FirstPersonMap.FirstPersonMap:PersistentLevel.Brush_0
 |- Actor Package: /Game/Time_is_out/FirstPersonMap
 |- Actor Path: /Game/Time_is_out/FirstPersonMap.FirstPersonMap:PersistentLevel.DefaultPhysicsVolume_0
 |- Actor Package: /Game/Time_is_out/FirstPersonMap
 |- Actor Path: /Game/Time_is_out/FirstPersonMap.FirstPersonMap:PersistentLevel.DirectionalLight_1
 |- Actor Package: /Game/__ExternalActors__/Time_is_out/FirstPersonMap/0/WB/V4ALNTJYOVWM8BU452CKV5
 |- Actor Path: /Game/Time_is_out/FirstPersonMap.FirstPersonMap:PersistentLevel.ExponentialHeightFog_0
 |- Actor Package: /Game/__ExternalActors__/Time_is_out/FirstPersonMap/0/CL/381LM03PFI8AF9NED1SEV2
 |- Actor Path: /Game/Time_is_out/FirstPersonMap.FirstPersonMap:PersistentLevel.FirstPersonMap_C_1
 |- Actor Package: /Game/Time_is_out/FirstPersonMap
 |- Actor Path: /Game/Time_is_out/FirstPersonMap.FirstPersonMap:PersistentLevel.GameplayDebuggerPlayerManager_0
 |- Actor Package: /Game/Time_is_out/FirstPersonMap
 |- Actor Path: /Game/Time_is_out/FirstPersonMap.FirstPersonMap:PersistentLevel.PostProcessVolume_0
 |- Actor Package: /Game/__ExternalActors__/Time_is_out/FirstPersonMap/E/MX/R1GV431P5FDO08OFULRA01
 |- Actor Path: /Game/Time_is_out/FirstPersonMap.FirstPersonMap:PersistentLevel.SkyAtmosphere_0
 |- Actor Package: /Game/__ExternalActors__/Time_is_out/FirstPersonMap/C/VO/VMN4G7K3NKKV6F8HTPHHDB
 |- Actor Path: /Game/Time_is_out/FirstPersonMap.FirstPersonMap:PersistentLevel.SkyLight_0
 |- Actor Package: /Game/__ExternalActors__/Time_is_out/FirstPersonMap/6/0Z/5RQIHCZ9W3UXRGL4LTLQAK
 |- Actor Path: /Game/Time_is_out/FirstPersonMap.FirstPersonMap:PersistentLevel.SM_Plains_Castle_Stairs_01_UAID_2CF05DB68E1685D401_1766382445
 |- Actor Package: /Game/__ExternalActors__/Time_is_out/FirstPersonMap/B/GA/HO03UZHVVL2WEP5Q95SWKV
 |- Actor Path: /Game/Time_is_out/FirstPersonMap.FirstPersonMap:PersistentLevel.SM_Plains_Floors_Block01_UAID_2CF05DB68E1685D401_1497508440
 |- Actor Package: /Game/__ExternalActors__/Time_is_out/FirstPersonMap/B/DB/VAEFOKYKFYLF7KUXSYNJEK
 |- Actor Path: /Game/Time_is_out/FirstPersonMap.FirstPersonMap:PersistentLevel.SM_Plains_Floors_Block01_UAID_2CF05DB68E1685D401_1896231446
 |- Actor Package: /Game/__ExternalActors__/Time_is_out/FirstPersonMap/5/C0/Q4ITN74PNZT4NQGBAX7X97
 |- Actor Path: /Game/Time_is_out/FirstPersonMap.FirstPersonMap:PersistentLevel.SM_Plains_Floors_Block01_UAID_2CF05DB68E1685D401_1918428447
 |- Actor Package: /Game/__ExternalActors__/Time_is_out/FirstPersonMap/9/K4/BF086M6PBY7WF163L1LI1J
 |- Actor Path: /Game/Time_is_out/FirstPersonMap.FirstPersonMap:PersistentLevel.SM_Plains_Floors_Block01_UAID_2CF05DB68E1685D401_1928365448
 |- Actor Package: /Game/__ExternalActors__/Time_is_out/FirstPersonMap/D/V4/U5ONQIXATV0ZKHA7WD2F2C
 |- Actor Path: /Game/Time_is_out/FirstPersonMap.FirstPersonMap:PersistentLevel.SM_Plains_Floors_Block01_UAID_2CF05DB68E1685D401_1936740449
 |- Actor Package: /Game/__ExternalActors__/Time_is_out/FirstPersonMap/B/81/KYZMOZIWG702X8ZAB41FWB
 |- Actor Path: /Game/Time_is_out/FirstPersonMap.FirstPersonMap:PersistentLevel.SM_Plains_Floors_Block01_UAID_2CF05DB68E1685D401_1942019450
 |- Actor Package: /Game/__ExternalActors__/Time_is_out/FirstPersonMap/8/KL/3ZI1V78DOEY8OL9GLYHIJ2
 |- Actor Path: /Game/Time_is_out/FirstPersonMap.FirstPersonMap:PersistentLevel.SM_Plains_Floors_Block01_UAID_2CF05DB68E1685D401_1950783451
 |- Actor Package: /Game/__ExternalActors__/Time_is_out/FirstPersonMap/2/ME/RJNJKLI7O25B39Y6G3CUJ3
 |- Actor Path: /Game/Time_is_out/FirstPersonMap.FirstPersonMap:PersistentLevel.SM_Plains_Floors_Block01_UAID_2CF05DB68E1685D401_1950785452
 |- Actor Package: /Game/__ExternalActors__/Time_is_out/FirstPersonMap/5/S4/S6KYVE1IPH6U3FZ7VSYP4U
 |- Actor Path: /Game/Time_is_out/FirstPersonMap.FirstPersonMap:PersistentLevel.SM_Plains_Floors_Block01_UAID_2CF05DB68E1685D401_2050701454
 |- Actor Package: /Game/__ExternalActors__/Time_is_out/FirstPersonMap/E/OQ/2T7TTA1IHG4CIIARRDZP06
 |- Actor Path: /Game/Time_is_out/FirstPersonMap.FirstPersonMap:PersistentLevel.SM_Plains_Floors_Block01_UAID_2CF05DB68E1686D401_1301965634
 |- Actor Package: /Game/__ExternalActors__/Time_is_out/FirstPersonMap/5/IO/8WW5Z3YLKTJRJHODGGMT4P
 |- Actor Path: /Game/Time_is_out/FirstPersonMap.FirstPersonMap:PersistentLevel.SM_Plains_Floors_Block01_UAID_2CF05DB68E1686D401_1439782636
 |- Actor Package: /Game/__ExternalActors__/Time_is_out/FirstPersonMap/2/WX/0IA5W8TUKR793DUEW42VM0
 |- Actor Path: /Game/Time_is_out/FirstPersonMap.FirstPersonMap:PersistentLevel.SM_Plains_Floors_Block01_UAID_2CF05DB68E1686D401_1694545644
 |- Actor Package: /Game/__ExternalActors__/Time_is_out/FirstPersonMap/1/DU/28UTB2IEHKQEB0SNGSE8FM
 |- Actor Path: /Game/Time_is_out/FirstPersonMap.FirstPersonMap:PersistentLevel.SM_Plains_Floors_Block01_UAID_2CF05DB68E1686D401_1718331645
 |- Actor Package: /Game/__ExternalActors__/Time_is_out/FirstPersonMap/9/I0/NGT77UMA8T17UYZBI60885
 |- Actor Path: /Game/Time_is_out/FirstPersonMap.FirstPersonMap:PersistentLevel.SM_Plains_Floors_Block01_UAID_2CF05DB68E1686D401_1797107649
 |- Actor Package: /Game/__ExternalActors__/Time_is_out/FirstPersonMap/4/TN/7MGJ89VRH2H4KGAH6FJ77E
 |- Actor Path: /Game/Time_is_out/FirstPersonMap.FirstPersonMap:PersistentLevel.SM_Plains_Floors_Block01_UAID_2CF05DB68E1686D401_1815849650
 |- Actor Package: /Game/__ExternalActors__/Time_is_out/FirstPersonMap/5/XY/QTJ5XLT6UMQLHTEB6XXJPR
 |- Actor Path: /Game/Time_is_out/FirstPersonMap.FirstPersonMap:PersistentLevel.SM_Plains_Floors_Block01_UAID_2CF05DB68E1686D401_1833969651
 |- Actor Package: /Game/__ExternalActors__/Time_is_out/FirstPersonMap/A/A5/64HB5H68FHLZHX924I6LDO
 |- Actor Path: /Game/Time_is_out/FirstPersonMap.FirstPersonMap:PersistentLevel.SM_Plains_Floors_Block01_UAID_2CF05DB68E1686D401_2008023653
 |- Actor Package: /Game/__ExternalActors__/Time_is_out/FirstPersonMap/C/QQ/K5FV4308NHZS7CXFOR1SOB
 |- Actor Path: /Game/Time_is_out/FirstPersonMap.FirstPersonMap:PersistentLevel.SM_Plains_Floors_Block02_UAID_2CF05DB68E1685D401_1497511441
 |- Actor Package: /Game/__ExternalActors__/Time_is_out/FirstPersonMap/2/6F/1Q863MNZD3LJWU8L6HSUKJ
 |- Actor Path: /Game/Time_is_out/FirstPersonMap.FirstPersonMap:PersistentLevel.SM_Plains_Floors_Block02_UAID_2CF05DB68E1686D401_1238207632
 |- Actor Package: /Game/__ExternalActors__/Time_is_out/FirstPersonMap/3/12/Q258KQFWX67B5ABC5X7EP3
 |- Actor Path: /Game/Time_is_out/FirstPersonMap.FirstPersonMap:PersistentLevel.SM_Plains_Floors_Block02_UAID_2CF05DB68E1686D401_1278291633
 |- Actor Package: /Game/__ExternalActors__/Time_is_out/FirstPersonMap/E/WA/QZJ13KJ9PENF45CG0NMKCF
 |- Actor Path: /Game/Time_is_out/FirstPersonMap.FirstPersonMap:PersistentLevel.SM_Plains_Floors_Block02_UAID_2CF05DB68E1686D401_1354703635
 |- Actor Package: /Game/__ExternalActors__/Time_is_out/FirstPersonMap/5/GL/MVF7TQMFR92U3FVMZ1PN8W
 |- Actor Path: /Game/Time_is_out/FirstPersonMap.FirstPersonMap:PersistentLevel.SM_Plains_Floors_Block02_UAID_2CF05DB68E1686D401_1610630641
 |- Actor Package: /Game/__ExternalActors__/Time_is_out/FirstPersonMap/5/QZ/S86N717XZR56XPKNVCGTXX
 |- Actor Path: /Game/Time_is_out/FirstPersonMap.FirstPersonMap:PersistentLevel.SM_Plains_Floors_Block02_UAID_2CF05DB68E1686D401_1646576642
 |- Actor Package: /Game/__ExternalActors__/Time_is_out/FirstPersonMap/4/BY/WXEUREKF1LF82C900I5YVJ
 |- Actor Path: /Game/Time_is_out/FirstPersonMap.FirstPersonMap:PersistentLevel.SM_Plains_Floors_Block02_UAID_2CF05DB68E1686D401_1676693643
 |- Actor Package: /Game/__ExternalActors__/Time_is_out/FirstPersonMap/3/NK/64BJ6PXGHQWZOJCHT48DEP
 |- Actor Path: /Game/Time_is_out/FirstPersonMap.FirstPersonMap:PersistentLevel.SM_Plains_Floors_Block02_UAID_2CF05DB68E1686D401_1965247652
 |- Actor Package: /Game/__ExternalActors__/Time_is_out/FirstPersonMap/D/X9/6GATQM8422TKPWPPUH0Q5U
 |- Actor Path: /Game/Time_is_out/FirstPersonMap.FirstPersonMap:PersistentLevel.SM_Plains_Floors_Flat02_UAID_2CF05DB68E1686D401_1724213646
 |- Actor Package: /Game/__ExternalActors__/Time_is_out/FirstPersonMap/5/79/F4OD0AP5D52GABG2G57TW3
 |- Actor Path: /Game/Time_is_out/FirstPersonMap.FirstPersonMap:PersistentLevel.SM_WaterPlain_UAID_2CF05DB68E1685D401_1301076439
 |- Actor Package: /Game/__ExternalActors__/Time_is_out/FirstPersonMap/2/CT/DX387ME1AB0BXVQ1RXZGEW
 |- Actor Path: /Game/Time_is_out/FirstPersonMap.FirstPersonMap:PersistentLevel.StaticMeshActor_UAID_A4AE111137DC5EFB00_2001720423
 |- Actor Package: /Game/__ExternalActors__/Time_is_out/FirstPersonMap/C/ZU/PDQ0AB8RLNMVID876FD49G
 |- Actor Path: /Game/Time_is_out/FirstPersonMap.FirstPersonMap:PersistentLevel.VolumetricCloud_0
 |- Actor Package: /Game/__ExternalActors__/Time_is_out/FirstPersonMap/0/GO/I8WEFD3RY9V3NVQLSU6QM4
 |- Actor Path: /Game/Time_is_out/FirstPersonMap.FirstPersonMap:PersistentLevel.WorldDataLayers
 |- Actor Package: /Game/__ExternalActors__/Time_is_out/FirstPersonMap/D/0W/E1FKEGVKGOLM7HGLQPCIPO
 |- Actor Path: /Game/Time_is_out/FirstPersonMap.FirstPersonMap:PersistentLevel.WorldInfo_0
 |- Actor Package: /Game/Time_is_out/FirstPersonMap
 |- Actor Path: /Game/Time_is_out/FirstPersonMap.FirstPersonMap:PersistentLevel.WorldPartitionMiniMap_0
 |- Actor Package: /Game/__ExternalActors__/Time_is_out/FirstPersonMap/4/CR/SRVPLA8UNZ8XIIP0E036DI

----------------------------------------------------------------------------------------------------------------
FirstPersonMap - Runtime Spatial Hash - Streaming Grid - MainGrid
----------------------------------------------------------------------------------------------------------------
            Origin: X=0.000 Y=0.000 Z=0.000
         Cell Size: 12800
      World Bounds: IsValid=false, Min=(X=0.000 Y=0.000 Z=0.000), Max=(X=0.000 Y=0.000 Z=0.000)
     Loading Range: 25600.00
Block Slow Loading: No
 ClientOnlyVisible: No
            Origin: X=0.000 Y=0.000 Z=0.000

[+] Grid Levels: 1
 |- Level  0: Cell Count    0 | Cell Size   12800 | Actor Count    0 (0.0%)

[+] Content of Grid Level 0

